time="2026-03-21T16:25:35-04:00" level=warning msg="/Users/gavin/OneDrive/dev/jpmc/ingress-poc/docker-compose.yml: the attribute `version` is obsolete, it will be ignored, please remove it to avoid potential confusion"
#1 [internal] load local bake definitions
#1 reading from stdin 5.40kB done
#1 DONE 0.0s

#2 [internal] load build definition from Dockerfile
#2 transferring dockerfile: 366B done
#2 DONE 0.0s

#3 [internal] load metadata for docker.io/library/node:20-alpine
#3 DONE 0.4s

#4 [internal] load metadata for docker.io/library/nginx:alpine
#4 DONE 0.4s

#5 [internal] load .dockerignore
#5 transferring context: 2B done
#5 DONE 0.0s

#6 [internal] load build context
#6 transferring context: 8.00kB done
#6 DONE 0.0s

#7 [build 1/6] FROM docker.io/library/node:20-alpine@sha256:b88333c42c23fbd91596ebd7fd10de239cedab9617de04142dde7315e3bc0afa
#7 resolve docker.io/library/node:20-alpine@sha256:b88333c42c23fbd91596ebd7fd10de239cedab9617de04142dde7315e3bc0afa 0.0s done
#7 DONE 0.0s

#8 [build 2/6] WORKDIR /app
#8 CACHED

#9 [stage-1 1/3] FROM docker.io/library/nginx:alpine@sha256:f46cb72c7df02710e693e863a983ac42f6a9579058a59a35f1ae36c9958e4ce0
#9 resolve docker.io/library/nginx:alpine@sha256:f46cb72c7df02710e693e863a983ac42f6a9579058a59a35f1ae36c9958e4ce0 0.0s done
#9 CACHED

#10 [build 3/6] COPY package*.json .
#10 DONE 0.0s

#11 [build 4/6] RUN npm install
#11 7.672 
#11 7.672 added 69 packages, and audited 70 packages in 8s
#11 7.672 
#11 7.672 7 packages are looking for funding
#11 7.672   run `npm fund` for details
#11 7.676 
#11 7.676 2 moderate severity vulnerabilities
#11 7.676 
#11 7.676 To address all issues (including breaking changes), run:
#11 7.676   npm audit fix --force
#11 7.676 
#11 7.676 Run `npm audit` for details.
#11 7.677 npm notice
#11 7.677 npm notice New major version of npm available! 10.8.2 -> 11.12.0
#11 7.677 npm notice Changelog: https://github.com/npm/cli/releases/tag/v11.12.0
#11 7.677 npm notice To update run: npm install -g npm@11.12.0
#11 7.677 npm notice
#11 DONE 7.8s

#12 [build 5/6] COPY . .
#12 DONE 0.0s

#13 [build 6/6] RUN npm run build
#13 0.176 
#13 0.176 > ingress-console@1.0.0 build
#13 0.176 > vite build
#13 0.176 
#13 0.273 vite v5.4.21 building for production...
#13 0.298 transforming...
#13 0.713 ✓ 40 modules transformed.
#13 0.775 rendering chunks...
#13 0.780 computing gzip size...
#13 0.787 dist/index.html                  0.33 kB │ gzip:  0.24 kB
#13 0.787 dist/assets/index-DCDvVKDs.js  191.74 kB │ gzip: 60.69 kB
#13 0.787 ✓ built in 501ms
#13 DONE 0.8s

#14 [stage-1 2/3] COPY --from=build /app/dist /usr/share/nginx/html
#14 DONE 0.0s

#15 [stage-1 3/3] COPY nginx.conf /etc/nginx/conf.d/default.conf
#15 DONE 0.0s

#16 exporting to image
#16 exporting layers 0.0s done
#16 exporting manifest sha256:4432701d1021fb02bc549b972cbef82920bb013605c38e83607e732bd6e79a10 done
#16 exporting config sha256:87aa0929fca815073461be1a37de21a29089b8e0c43e6e561ede469c2765b154 done
#16 exporting attestation manifest sha256:069f28c0ce10d67eb997b2f61073ddb3bf79c710d5e1514f64dca3c6ac313903 done
#16 exporting manifest list sha256:8ccedd29604215da0b36cf6d77b4df4a1570e8751262c9c73b37bfc866dccbeb done
#16 naming to docker.io/library/ingress-poc-console:latest done
#16 unpacking to docker.io/library/ingress-poc-console:latest 0.0s done
#16 DONE 0.1s

#17 resolving provenance for metadata file
#17 DONE 0.0s
 ingress-poc-console  Built
